<?xml version="1.0" encoding="UTF-8"?>
<testng-results ignored="0" total="1" passed="1" failed="0" skipped="0">
  <reporter-output>
  </reporter-output>
  <suite started-at="2024-04-29T05:58:42Z" name="Surefire suite" finished-at="2024-04-29T05:58:42Z" duration-ms="81">
    <groups>
    </groups>
    <test started-at="2024-04-29T05:58:42Z" name="Surefire test" finished-at="2024-04-29T05:58:42Z" duration-ms="81">
      <class name="cucumber_learn.com.cucumber.learn.AppTest">
        <test-method signature="testApp()" started-at="2024-04-29T05:58:42Z" name="testApp" finished-at="2024-04-29T05:58:42Z" duration-ms="30" status="PASS">
          <reporter-output>
          </reporter-output>
        </test-method> <!-- testApp -->
      </class> <!-- cucumber_learn.com.cucumber.learn.AppTest -->
    </test> <!-- Surefire test -->
  </suite> <!-- Surefire suite -->
</testng-results>
